[    0.000000] Linux version 4.15.0-204-generic (buildd@lcy02-amd64-030) (gcc version 7.5.0 (Ubuntu 7.5.0-3ubuntu1~18.04)) #215-Ubuntu SMP Fri Jan 20 18:24:59 UTC 2023 (Ubuntu 4.15.0-204.215-generic 4.15.18)
[    0.000000] Command line: BOOT_IMAGE=/boot/vmlinuz-4.15.0-204-generic root=LABEL=cloudimg-rootfs ro console=tty1 console=ttyS0
[    0.000000] KERNEL supported cpus:
[    0.000000]   Intel GenuineIntel
[    0.000000]   AMD AuthenticAMD
[    0.000000]   Centaur CentaurHauls
[    0.000000] x86/fpu: x87 FPU will use FXSAVE
[    0.000000] e820: BIOS-provided physical RAM map:
[    0.000000] BIOS-e820: [mem 0x0000000000000000-0x000000000009fbff] usable
[    0.000000] BIOS-e820: [mem 0x000000000009fc00-0x000000000009ffff] reserved
[    0.000000] BIOS-e820: [mem 0x00000000000f0000-0x00000000000fffff] reserved
[    0.000000] BIOS-e820: [mem 0x0000000000100000-0x000000007ffeffff] usable
[    0.000000] BIOS-e820: [mem 0x000000007fff0000-0x000000007fffffff] ACPI data
[    0.000000] BIOS-e820: [mem 0x00000000fec00000-0x00000000fec00fff] reserved
[    0.000000] BIOS-e820: [mem 0x00000000fee00000-0x00000000fee00fff] reserved
[    0.000000] BIOS-e820: [mem 0x00000000fffc0000-0x00000000ffffffff] reserved
[    0.000000] NX (Execute Disable) protection: active
[    0.000000] SMBIOS 2.5 present.
[    0.000000] DMI: innotek GmbH VirtualBox/VirtualBox, BIOS VirtualBox 12/01/2006
[    0.000000] Hypervisor detected: KVM
[    0.000000] e820: last_pfn = 0x7fff0 max_arch_pfn = 0x400000000
[    0.000000] MTRR: Disabled
[    0.000000] x86/PAT: MTRRs disabled, skipping PAT initialization too.
[    0.000000] CPU MTRRs all blank - virtualized system.
[    0.000000] x86/PAT: Configuration [0-7]: WB  WT  UC- UC  WB  WT  UC- UC  
[    0.000000] found SMP MP-table at [mem 0x0009fff0-0x0009ffff]
[    0.000000] Scanning 1 areas for low memory corruption
[    0.000000] RAMDISK: [mem 0x359c9000-0x36cdbfff]
[    0.000000] ACPI: Early table checksum verification disabled
[    0.000000] ACPI: RSDP 0x00000000000E0000 000024 (v02 VBOX  )
[    0.000000] ACPI: XSDT 0x000000007FFF0030 00003C (v01 VBOX   VBOXXSDT 00000001 ASL  00000061)
[    0.000000] ACPI: FACP 0x000000007FFF00F0 0000F4 (v04 VBOX   VBOXFACP 00000001 ASL  00000061)
[    0.000000] ACPI: DSDT 0x000000007FFF0610 002353 (v02 VBOX   VBOXBIOS 00000002 INTL 20100528)
[    0.000000] ACPI: FACS 0x000000007FFF0200 000040
[    0.000000] ACPI: FACS 0x000000007FFF0200 000040
[    0.000000] ACPI: APIC 0x000000007FFF0240 00005C (v02 VBOX   VBOXAPIC 00000001 ASL  00000061)
[    0.000000] ACPI: SSDT 0x000000007FFF02A0 00036C (v01 VBOX   VBOXCPUT 00000002 INTL 20100528)
[    0.000000] ACPI: Reserving FACP table memory at [mem 0x7fff00f0-0x7fff01e3]
[    0.000000] ACPI: Reserving DSDT table memory at [mem 0x7fff0610-0x7fff2962]
[    0.000000] ACPI: Reserving FACS table memory at [mem 0x7fff0200-0x7fff023f]
[    0.000000] ACPI: Reserving FACS table memory at [mem 0x7fff0200-0x7fff023f]
[    0.000000] ACPI: Reserving APIC table memory at [mem 0x7fff0240-0x7fff029b]
[    0.000000] ACPI: Reserving SSDT table memory at [mem 0x7fff02a0-0x7fff060b]
[    0.000000] No NUMA configuration found
[    0.000000] Faking a node at [mem 0x0000000000000000-0x000000007ffeffff]
[    0.000000] NODE_DATA(0) allocated [mem 0x7ffc5000-0x7ffeffff]
[    0.000000] kvm-clock: cpu 0, msr 0:7ff44001, primary cpu clock
[    0.000000] kvm-clock: Using msrs 4b564d01 and 4b564d00
[    0.000000] kvm-clock: using sched offset of 3849482912 cycles
[    0.000000] clocksource: kvm-clock: mask: 0xffffffffffffffff max_cycles: 0x1cd42e4dffb, max_idle_ns: 881590591483 ns
[    0.000000] Zone ranges:
[    0.000000]   DMA      [mem 0x0000000000001000-0x0000000000ffffff]
[    0.000000]   DMA32    [mem 0x0000000001000000-0x000000007ffeffff]
[    0.000000]   Normal   empty
[    0.000000]   Device   empty
[    0.000000] Movable zone start for each node
[    0.000000] Early memory node ranges
[    0.000000]   node   0: [mem 0x0000000000001000-0x000000000009efff]
[    0.000000]   node   0: [mem 0x0000000000100000-0x000000007ffeffff]
[    0.000000] Reserved but unavailable: 104 pages
[    0.000000] Initmem setup node 0 [mem 0x0000000000001000-0x000000007ffeffff]
[    0.000000] ACPI: PM-Timer IO Port: 0x4008
[    0.000000] IOAPIC[0]: apic_id 2, version 32, address 0xfec00000, GSI 0-23
[    0.000000] ACPI: INT_SRC_OVR (bus 0 bus_irq 0 global_irq 2 dfl dfl)
[    0.000000] ACPI: INT_SRC_OVR (bus 0 bus_irq 9 global_irq 9 low level)
[    0.000000] Using ACPI (MADT) for SMP configuration information
[    0.000000] smpboot: Allowing 2 CPUs, 0 hotplug CPUs
[    0.000000] PM: Registered nosave memory: [mem 0x00000000-0x00000fff]
[    0.000000] PM: Registered nosave memory: [mem 0x0009f000-0x0009ffff]
[    0.000000] PM: Registered nosave memory: [mem 0x000a0000-0x000effff]
[    0.000000] PM: Registered nosave memory: [mem 0x000f0000-0x000fffff]
[    0.000000] e820: [mem 0x80000000-0xfebfffff] available for PCI devices
[    0.000000] Booting paravirtualized kernel on KVM
[    0.000000] clocksource: refined-jiffies: mask: 0xffffffff max_cycles: 0xffffffff, max_idle_ns: 7645519600211568 ns
[    0.000000] setup_percpu: NR_CPUS:8192 nr_cpumask_bits:2 nr_cpu_ids:2 nr_node_ids:1
[    0.000000] percpu: Embedded 50 pages/cpu s167936 r8192 d28672 u1048576
[    0.000000] PV qspinlock hash table entries: 256 (order: 0, 4096 bytes)
[    0.000000] Built 1 zonelists, mobility grouping on.  Total pages: 515961
[    0.000000] Policy zone: DMA32
[    0.000000] Kernel command line: BOOT_IMAGE=/boot/vmlinuz-4.15.0-204-generic root=LABEL=cloudimg-rootfs ro console=tty1 console=ttyS0
[    0.000000] Memory: 2014832K/2096696K available (12300K kernel code, 2477K rwdata, 4324K rodata, 2480K init, 2720K bss, 81864K reserved, 0K cma-reserved)
[    0.000000] SLUB: HWalign=64, Order=0-3, MinObjects=0, CPUs=2, Nodes=1
[    0.000000] Kernel/User page tables isolation: enabled
[    0.000000] ftrace: allocating 39488 entries in 155 pages
[    0.004000] Hierarchical RCU implementation.
[    0.004000] 	RCU restricting CPUs from NR_CPUS=8192 to nr_cpu_ids=2.
[    0.004000] 	Tasks RCU enabled.
[    0.004000] RCU: Adjusting geometry for rcu_fanout_leaf=16, nr_cpu_ids=2
[    0.004000] NR_IRQS: 524544, nr_irqs: 440, preallocated irqs: 16
[    0.004000] random: crng init done
[    0.004000] Console: colour VGA+ 80x25
[    0.004000] console [tty1] enabled
[    0.004000] console [ttyS0] enabled
[    0.004000] ACPI: Core revision 20170831
[    0.004000] ACPI: 2 ACPI AML tables successfully acquired and loaded
[    0.004000] APIC: Switch to symmetric I/O mode setup
[    0.004000] ..TIMER: vector=0x30 apic1=0 pin1=2 apic2=-1 pin2=-1
[    0.004000] tsc: Detected 2904.000 MHz processor
[    0.004000] Calibrating delay loop (skipped) preset value.. 5808.00 BogoMIPS (lpj=11616000)
[    0.004000] pid_max: default: 32768 minimum: 301
[    0.004079] Security Framework initialized
[    0.008008] Yama: becoming mindful.
[    0.012099] AppArmor: AppArmor initialized
[    0.026393] Dentry cache hash table entries: 262144 (order: 9, 2097152 bytes)
[    0.033667] Inode-cache hash table entries: 131072 (order: 8, 1048576 bytes)
[    0.036152] Mount-cache hash table entries: 4096 (order: 3, 32768 bytes)
[    0.040129] Mountpoint-cache hash table entries: 4096 (order: 3, 32768 bytes)
[    0.045798] Last level iTLB entries: 4KB 128, 2MB 8, 4MB 8
[    0.048006] Last level dTLB entries: 4KB 64, 2MB 0, 4MB 0, 1GB 4
[    0.052007] Spectre V1 : Mitigation: usercopy/swapgs barriers and __user pointer sanitization
[    0.056005] Spectre V2 : Mitigation: Retpolines
[    0.060005] Spectre V2 : Spectre v2 / SpectreRSB mitigation: Filling RSB on context switch
[    0.064005] Spectre V2 : Spectre v2 / SpectreRSB : Filling RSB on VMEXIT
[    0.068005] RETBleed: WARNING: Spectre v2 mitigation leaves CPU vulnerable to RETBleed attacks, data leaks possible!
[    0.072005] RETBleed: Vulnerable
[    0.076006] Speculative Store Bypass: Vulnerable
[    0.080086] MDS: Mitigation: Clear CPU buffers
[    0.084004] MMIO Stale Data: Mitigation: Clear CPU buffers
[    0.088006] SRBDS: Unknown: Dependent on hypervisor status
[    0.092176] Freeing SMP alternatives memory: 36K
[    0.195207] smpboot: CPU0: Intel(R) Core(TM) i5-9400F CPU @ 2.90GHz (family: 0x6, model: 0x9e, stepping: 0xa)
[    0.196413] Performance Events: unsupported p6 CPU model 158 no PMU driver, software events only.
[    0.200118] Hierarchical SRCU implementation.
[    0.204795] NMI watchdog: Perf event create on CPU 0 failed with -2
[    0.208006] NMI watchdog: Perf NMI watchdog permanently disabled
[    0.212350] smp: Bringing up secondary CPUs ...
[    0.221136] x86: Booting SMP configuration:
[    0.224007] .... node  #0, CPUs:      #1
[    0.004000] kvm-clock: cpu 1, msr 0:7ff44041, secondary cpu clock
[    0.236000] TSC synchronization [CPU#0 -> CPU#1]:
[    0.236000] Measured 73964 cycles TSC warp between CPUs, turning off TSC clock.
[    0.236000] tsc: Marking TSC unstable due to check_tsc_sync_source failed
[    0.244111] smp: Brought up 1 node, 2 CPUs
[    0.248008] smpboot: Max logical packages: 1
[    0.252007] smpboot: Total of 2 processors activated (11616.00 BogoMIPS)
[    0.256526] devtmpfs: initialized
[    0.260119] x86/mm: Memory block size: 128MB
[    0.264578] evm: security.selinux
[    0.268006] evm: security.SMACK64
[    0.272003] evm: security.SMACK64EXEC
[    0.276007] evm: security.SMACK64TRANSMUTE
[    0.280006] evm: security.SMACK64MMAP
[    0.284007] evm: security.apparmor
[    0.288005] evm: security.ima
[    0.292005] evm: security.capability
[    0.296540] clocksource: jiffies: mask: 0xffffffff max_cycles: 0xffffffff, max_idle_ns: 7645041785100000 ns
[    0.300016] futex hash table entries: 512 (order: 3, 32768 bytes)
[    0.304180] pinctrl core: initialized pinctrl subsystem
[    0.308631] RTC time: 22:01:27, date: 03/02/23
[    0.316557] NET: Registered protocol family 16
[    0.320176] audit: initializing netlink subsys (disabled)
[    0.324208] audit: type=2000 audit(1677794491.901:1): state=initialized audit_enabled=0 res=1
[    0.336011] cpuidle: using governor ladder
[    0.340013] cpuidle: using governor menu
[    0.344052] ACPI: bus type PCI registered
[    0.348006] acpiphp: ACPI Hot Plug PCI Controller Driver version: 0.5
[    0.352553] PCI: Using configuration type 1 for base access
[    0.360388] HugeTLB registered 2.00 MiB page size, pre-allocated 0 pages
[    0.368298] ACPI: Added _OSI(Module Device)
[    0.372014] ACPI: Added _OSI(Processor Device)
[    0.376005] ACPI: Added _OSI(3.0 _SCP Extensions)
[    0.380005] ACPI: Added _OSI(Processor Aggregator Device)
[    0.384007] ACPI: Added _OSI(Linux-Dell-Video)
[    0.388008] ACPI: Added _OSI(Linux-Lenovo-NV-HDMI-Audio)
[    0.392008] ACPI: Added _OSI(Linux-HPI-Hybrid-Graphics)
[    0.397005] ACPI: Executed 1 blocks of module-level executable AML code
[    0.406370] ACPI: Interpreter enabled
[    0.408019] ACPI: (supports S0 S5)
[    0.412007] ACPI: Using IOAPIC for interrupt routing
[    0.416469] PCI: Using host bridge windows from ACPI; if necessary, use "pci=nocrs" and report a bug
[    0.420280] ACPI: Enabled 2 GPEs in block 00 to 07
[    0.437181] ACPI: PCI Root Bridge [PCI0] (domain 0000 [bus 00-ff])
[    0.440018] acpi PNP0A03:00: _OSC: OS supports [ASPM ClockPM Segments MSI]
[    0.448797] acpi PNP0A03:00: _OSC: not requesting OS control; OS requires [ExtendedConfig ASPM ClockPM MSI]
[    0.452023] acpi PNP0A03:00: fail to add MMCONFIG information, can't access extended PCI configuration space under this bridge.
[    0.456825] PCI host bridge to bus 0000:00
[    0.460011] pci_bus 0000:00: root bus resource [io  0x0000-0x0cf7 window]
[    0.464009] pci_bus 0000:00: root bus resource [io  0x0d00-0xffff window]
[    0.468008] pci_bus 0000:00: root bus resource [mem 0x000a0000-0x000bffff window]
[    0.472008] pci_bus 0000:00: root bus resource [mem 0x80000000-0xfdffffff window]
[    0.476009] pci_bus 0000:00: root bus resource [bus 00-ff]
[    0.491027] pci 0000:00:01.1: legacy IDE quirk: reg 0x10: [io  0x01f0-0x01f7]
[    0.492009] pci 0000:00:01.1: legacy IDE quirk: reg 0x14: [io  0x03f6]
[    0.496012] pci 0000:00:01.1: legacy IDE quirk: reg 0x18: [io  0x0170-0x0177]
[    0.500011] pci 0000:00:01.1: legacy IDE quirk: reg 0x1c: [io  0x0376]
[    0.530953] pci 0000:00:07.0: quirk: [io  0x4000-0x403f] claimed by PIIX4 ACPI
[    0.532054] pci 0000:00:07.0: quirk: [io  0x4100-0x410f] claimed by PIIX4 SMB
[    0.551660] ACPI: PCI Interrupt Link [LNKA] (IRQs 5 9 10 *11)
[    0.556612] ACPI: PCI Interrupt Link [LNKB] (IRQs 5 9 *10 11)
[    0.560248] ACPI: PCI Interrupt Link [LNKC] (IRQs 5 *9 10 11)
[    0.564256] ACPI: PCI Interrupt Link [LNKD] (IRQs 5 9 10 *11)
[    0.568762] SCSI subsystem initialized
[    0.576068] pci 0000:00:02.0: vgaarb: setting as boot VGA device
[    0.580000] pci 0000:00:02.0: vgaarb: VGA device added: decodes=io+mem,owns=io+mem,locks=none
[    0.580010] pci 0000:00:02.0: vgaarb: bridge control possible
[    0.584006] vgaarb: loaded
[    0.587498] ACPI: bus type USB registered
[    0.588059] usbcore: registered new interface driver usbfs
[    0.592031] usbcore: registered new interface driver hub
[    0.596035] usbcore: registered new device driver usb
[    0.604132] EDAC MC: Ver: 3.0.0
[    0.609180] PCI: Using ACPI for IRQ routing
[    0.616173] NetLabel: Initializing
[    0.620007] NetLabel:  domain hash size = 128
[    0.624005] NetLabel:  protocols = UNLABELED CIPSOv4 CALIPSO
[    0.628156] NetLabel:  unlabeled traffic allowed by default
[    0.632255] clocksource: Switched to clocksource kvm-clock
[    0.651788] VFS: Disk quotas dquot_6.6.0
[    0.651788] VFS: Dquot-cache hash table entries: 512 (order 0, 4096 bytes)
[    0.651788] AppArmor: AppArmor Filesystem Enabled
[    0.651788] pnp: PnP ACPI init
[    0.651788] pnp: PnP ACPI: found 3 devices
[    0.783374] clocksource: acpi_pm: mask: 0xffffff max_cycles: 0xffffff, max_idle_ns: 2085701024 ns
[    0.784392] NET: Registered protocol family 2
[    0.784392] IP idents hash table entries: 32768 (order: 6, 262144 bytes)
[    0.806041] TCP established hash table entries: 16384 (order: 5, 131072 bytes)
[    0.814863] TCP bind hash table entries: 16384 (order: 6, 262144 bytes)
[    0.822529] TCP: Hash tables configured (established 16384 bind 16384)
[    0.825608] UDP hash table entries: 1024 (order: 3, 32768 bytes)
[    0.825608] UDP-Lite hash table entries: 1024 (order: 3, 32768 bytes)
[    0.825608] NET: Registered protocol family 1
[    0.825608] pci 0000:00:00.0: Limiting direct PCI/PCI transfers
[    0.825608] pci 0000:00:01.0: Activating ISA DMA hang workarounds
[    0.825608] pci 0000:00:02.0: Video device with shadowed ROM at [mem 0x000c0000-0x000dffff]
[    0.825608] Unpacking initramfs...
[    1.340984] Freeing initrd memory: 19532K
[    1.345797] clocksource: tsc: mask: 0xffffffffffffffff max_cycles: 0x29dc05e54fc, max_idle_ns: 440795291716 ns
[    1.355496] platform rtc_cmos: registered platform RTC device (no PNP device found)
[    1.363243] Scanning for low memory corruption every 60 seconds
[    1.371040] Initialise system trusted keyrings
[    1.375569] Key type blacklist registered
[    1.380352] workingset: timestamp_bits=36 max_order=19 bucket_order=0
[    1.389278] zbud: loaded
[    1.393645] squashfs: version 4.0 (2009/01/31) Phillip Lougher
[    1.400669] fuse init (API version 7.26)
[    1.428444] Key type asymmetric registered
[    1.433198] Asymmetric key parser 'x509' registered
[    1.438556] Block layer SCSI generic (bsg) driver version 0.4 loaded (major 246)
[    1.446536] io scheduler noop registered
[    1.450875] io scheduler deadline registered
[    1.455485] io scheduler cfq registered (default)
[    1.461755] ACPI: AC Adapter [AC] (on-line)
[    1.466334] input: Power Button as /devices/LNXSYSTM:00/LNXPWRBN:00/input/input0
[    1.473798] ACPI: Power Button [PWRF]
[    1.478236] input: Sleep Button as /devices/LNXSYSTM:00/LNXSLPBN:00/input/input1
[    1.485135] ACPI: Sleep Button [SLPF]
[    1.490776] Serial: 8250/16550 driver, 32 ports, IRQ sharing enabled
[    1.524538] 00:02: ttyS0 at I/O 0x3f8 (irq = 4, base_baud = 115200) is a 16550A
[    1.552203] Linux agpgart interface v0.103
[    1.565023] loop: module loaded
[    1.571469] scsi host0: ata_piix
[    1.576446] scsi host1: ata_piix
[    1.579812] ata1: PATA max UDMA/33 cmd 0x1f0 ctl 0x3f6 bmdma 0xd000 irq 14
[    1.586817] ata2: PATA max UDMA/33 cmd 0x170 ctl 0x376 bmdma 0xd008 irq 15
[    1.594407] tun: Universal TUN/TAP device driver, 1.6
[    1.601767] PPP generic driver version 2.4.2
[    1.606777] ehci_hcd: USB 2.0 'Enhanced' Host Controller (EHCI) Driver
[    1.613675] ehci-pci: EHCI PCI platform driver
[    1.618212] ehci-platform: EHCI generic platform driver
[    1.624091] ohci_hcd: USB 1.1 'Open' Host Controller (OHCI) Driver
[    1.630370] ohci-pci: OHCI PCI platform driver
[    1.634321] ohci-platform: OHCI generic platform driver
[    1.640809] uhci_hcd: USB Universal Host Controller Interface driver
[    1.647766] i8042: PNP: PS/2 Controller [PNP0303:PS2K,PNP0f03:PS2M] at 0x60,0x64 irq 1,12
[    1.659337] serio: i8042 KBD port at 0x60,0x64 irq 1
[    1.664590] serio: i8042 AUX port at 0x60,0x64 irq 12
[    1.670497] mousedev: PS/2 mouse device common for all mice
[    1.680822] rtc_cmos rtc_cmos: rtc core: registered rtc_cmos as rtc0
[    1.688889] input: AT Translated Set 2 keyboard as /devices/platform/i8042/serio0/input/input2
[    1.697587] rtc_cmos rtc_cmos: alarms up to one day, 114 bytes nvram
[    1.704300] i2c /dev entries driver
[    1.708136] device-mapper: uevent: version 1.0.3
[    1.713723] device-mapper: ioctl: 4.37.0-ioctl (2017-09-20) initialised: dm-devel@redhat.com
[    1.722539] ledtrig-cpu: registered to indicate activity on CPUs
[    1.729955] NET: Registered protocol family 10
[    1.743359] Segment Routing with IPv6
[    1.747161] NET: Registered protocol family 17
[    1.752273] Key type dns_resolver registered
[    1.814683] mce: Using 0 MCE banks
[    1.818400] RAS: Correctable Errors collector initialized.
[    1.824418] sched_clock: Marking stable (1824229850, 0)->(2866089574, -1041859724)
[    1.836527] registered taskstats version 1
[    1.841665] Loading compiled-in X.509 certificates
[    1.851597] Loaded X.509 cert 'Build time autogenerated kernel key: 449f52b446813ee48ad446aa51a5377584e80c28'
[    1.862519] Loaded X.509 cert 'Canonical Ltd. Live Patch Signing: 14df34d1a87cf37625abec039ef2bf521249b969'
[    1.873392] Loaded X.509 cert 'Canonical Ltd. Kernel Module Signing: 88f752e560a1e0737e31163a466ad7b70a850c19'
[    1.882708] blacklist: Loading compiled-in revocation X.509 certificates
[    1.889912] Loaded X.509 cert 'Canonical Ltd. Secure Boot Signing: 61482aa2830d0ab2ad5af10b7250da9033ddcef0'
[    1.899605] Loaded X.509 cert 'Canonical Ltd. Secure Boot Signing (2017): 242ade75ac4a15e50d50c84b0d45ff3eae707a03'
[    1.909807] Loaded X.509 cert 'Canonical Ltd. Secure Boot Signing (ESM 2018): 365188c1d374d6b07c3c8f240f8ef722433d6a8b'
[    1.920356] Loaded X.509 cert 'Canonical Ltd. Secure Boot Signing (2019): c0746fd6c5da3ae827864651ad66ae47fe24b3e8'
[    1.930376] Loaded X.509 cert 'Canonical Ltd. Secure Boot Signing (2021 v1): a8d54bbb3825cfb94fa13c9f8a594a195c107b8d'
[    1.940621] Loaded X.509 cert 'Canonical Ltd. Secure Boot Signing (2021 v2): 4cf046892d6fd3c9a5b03f98d845f90851dc6a8c'
[    1.950973] Loaded X.509 cert 'Canonical Ltd. Secure Boot Signing (2021 v3): 100437bb6de6e469b581e61cd66bce3ef4ed53af'
[    1.961580] Loaded X.509 cert 'Canonical Ltd. Secure Boot Signing (Ubuntu Core 2019): c1d57b8f6b743f23ee41f4f7ee292f06eecadfb9'
[    1.973011] zswap: loaded using pool lzo/zbud
[    1.986959] Key type big_key registered
[    1.991724] Key type trusted registered
[    1.999743] Key type encrypted registered
[    2.004274] AppArmor: AppArmor sha1 policy hashing enabled
[    2.010228] ima: No TPM chip found, activating TPM-bypass! (rc=-19)
[    2.016269] ima: Allocated hash algorithm: sha1
[    2.021765] evm: HMAC attrs: 0x1
[    2.026509]   Magic number: 15:426:46
[    2.030836] rtc_cmos rtc_cmos: setting system clock to 2023-03-02 22:01:28 UTC (1677794488)
[    2.039530] BIOS EDD facility v0.16 2004-Jun-25, 0 devices found
[    2.045594] EDD information not available.
[    2.053519] Freeing unused kernel image memory: 2480K
[    2.078743] Write protecting the kernel read-only data: 20480k
[    2.087160] Freeing unused kernel image memory: 2008K
[    2.094079] Freeing unused kernel image memory: 1820K
[    2.105243] x86/mm: Checked W+X mappings: passed, no W+X pages found.
[    2.111673] x86/mm: Checking user space page tables
[    2.122541] x86/mm: Checked W+X mappings: passed, no W+X pages found.
Loading, please wait...
starting version 237
[    2.227316] Fusion MPT base driver 3.04.20
[    2.231935] Copyright (c) 1999-2008 LSI Corporation
[    2.253666] e1000: Intel(R) PRO/1000 Network Driver - version 7.3.21-k8-NAPI
[    2.261586] e1000: Copyright (c) 1999-2006 Intel Corporation.
[    2.276778] SSE version of gcm_enc/dec engaged.
[    2.291643] Fusion MPT SPI Host driver 3.04.20
[    2.472235] input: ImExPS/2 Generic Explorer Mouse as /devices/platform/i8042/serio1/input/input4
[    3.045756] e1000 0000:00:03.0 eth0: (PCI:33MHz:32-bit) 02:ea:ac:f2:75:47
[    3.054242] e1000 0000:00:03.0 eth0: Intel(R) PRO/1000 Network Connection
[    3.067654] mptbase: ioc0: Initiating bringup
[    3.190852] ioc0: LSI53C1030 A0: Capabilities={Initiator}
[    3.450574] scsi host2: ioc0: LSI53C1030 A0, FwRev=00000000h, Ports=1, MaxQ=256, IRQ=20
[    3.625780] scsi 2:0:0:0: Direct-Access     VBOX     HARDDISK         1.0  PQ: 0 ANSI: 5
[    3.664188] scsi target2:0:0: Beginning Domain Validation
[    3.680533] scsi target2:0:0: Domain Validation skipping write tests
[    3.687932] scsi target2:0:0: Ending Domain Validation
[    3.694874] scsi target2:0:0: asynchronous
[    3.705465] scsi 2:0:1:0: Direct-Access     VBOX     HARDDISK         1.0  PQ: 0 ANSI: 5
[    4.072198] scsi target2:0:1: Beginning Domain Validation
[    4.092483] scsi target2:0:1: Domain Validation skipping write tests
[    4.099586] scsi target2:0:1: Ending Domain Validation
[    4.106007] scsi target2:0:1: asynchronous
[    4.132786] sd 2:0:0:0: Attached scsi generic sg0 type 0
[    4.133873] sd 2:0:0:0: [sda] 83886080 512-byte logical blocks: (42.9 GB/40.0 GiB)
[    4.149227] sd 2:0:1:0: [sdb] 20480 512-byte logical blocks: (10.5 MB/10.0 MiB)
[    4.157140] sd 2:0:1:0: Attached scsi generic sg1 type 0
[    4.162566] sd 2:0:0:0: [sda] Write Protect is off
[    4.169414] sd 2:0:1:0: [sdb] Write Protect is off
[    4.175119] sd 2:0:0:0: [sda] Incomplete mode parameter data
[    4.181462] sd 2:0:0:0: [sda] Assuming drive cache: write through
[    4.187975] sd 2:0:1:0: [sdb] Incomplete mode parameter data
[    4.195580] sd 2:0:1:0: [sdb] Assuming drive cache: write through
[    4.213307]  sda: sda1
[    4.219031] sd 2:0:0:0: [sda] Attached SCSI disk
[    4.226651] sd 2:0:1:0: [sdb] Attached SCSI disk
[    4.397842] e1000 0000:00:08.0 eth1: (PCI:33MHz:32-bit) 08:00:27:96:46:e7
[    4.405107] e1000 0000:00:08.0 eth1: Intel(R) PRO/1000 Network Connection
[    4.414838] e1000 0000:00:08.0 enp0s8: renamed from eth1
[    4.461390] e1000 0000:00:03.0 enp0s3: renamed from eth0
Begin: Loading essential drivers ... [    6.668596] raid6: sse2x1   gen() 12050 MB/s
[    6.720810] raid6: sse2x1   xor()  8809 MB/s
[    6.772261] raid6: sse2x2   gen() 14627 MB/s
[    6.824522] raid6: sse2x2   xor()  9710 MB/s
[    6.876327] raid6: sse2x4   gen() 15144 MB/s
[    6.928079] raid6: sse2x4   xor()  9412 MB/s
[    6.932810] raid6: using algorithm sse2x4 gen() 15144 MB/s
[    6.938838] raid6: .... xor() 9412 MB/s, rmw enabled
[    6.944631] raid6: using ssse3x2 recovery algorithm
[    6.953755] xor: measuring software checksum speed
[   11.152181]    prefetch64-sse: 107225.704 MB/sec
[   12.218235]    generic_sse: 161025.704 MB/sec
[   12.222936] xor: using function: generic_sse (161025.704 MB/sec)
[   12.231915] async_tx: api initialized (async)
done.
Begin: Running /scripts/init-premount ... done.
Begin: Mounting root file system ... Begin: Running /scripts/local-top ... done.
Begin: Running /scripts/local-premount ... [   12.295759] Btrfs loaded, crc32c=crc32c-intel
Scanning for Btrfs filesystems
done.
Warning: fsck not present, so skipping root file system
[   12.403855] EXT4-fs (sda1): INFO: recovery required on readonly filesystem
[   12.410996] EXT4-fs (sda1): write access will be enabled during recovery
[   12.654063] EXT4-fs (sda1): orphan cleanup on readonly fs
[   12.673685] EXT4-fs (sda1): 6 orphan inodes deleted
[   12.678641] EXT4-fs (sda1): recovery complete
[   12.686147] EXT4-fs (sda1): mounted filesystem with ordered data mode. Opts: (null)
done.
Begin: Running /scripts/local-bottom ... done.
Begin: Running /scripts/init-bottom ... done.
[   13.014945] ip_tables: (C) 2000-2006 Netfilter Core Team
[   13.043418] systemd[1]: systemd 237 running in system mode. (+PAM +AUDIT +SELINUX +IMA +APPARMOR +SMACK +SYSVINIT +UTMP +LIBCRYPTSETUP +GCRYPT +GNUTLS +ACL +XZ +LZ4 +SECCOMP +BLKID +ELFUTILS +KMOD -IDN2 +IDN -PCRE2 default-hierarchy=hybrid)
[   13.063479] systemd[1]: Detected virtualization oracle.
[   13.068738] systemd[1]: Detected architecture x86-64.

Welcome to [1mUbuntu 18.04.6 LTS[0m!

[   13.141235] systemd[1]: Set hostname to <ubuntu-bionic>.
[   13.628154] systemd[1]: Reached target User and Group Name Lookups.
[[0;32m  OK  [0m] Reached target User and Group Name Lookups.
[   13.648325] systemd[1]: Created slice User and Session Slice.
[[0;32m  OK  [0m] Created slice User and Session Slice.
[   13.658124] systemd[1]: Set up automount Arbitrary Executable File Formats File System Automount Point.
[[0;32m  OK  [0m] Set up automount Arbitrary Executab…rmats File System Automount Point.
[   13.670014] systemd[1]: Reached target System Time Synchronized.
[[0;32m  OK  [0m] Reached target System Time Synchronized.
[   13.679633] systemd[1]: Reached target Swap.
[[0;32m  OK  [0m] Reached target Swap.
[   13.686120] systemd[1]: Started Forward Password Requests to Wall Directory Watch.
[[0;32m  OK  [0m] Started Forward Password Requests to Wall Directory Watch.
[[0;32m  OK  [0m] Created slice System Slice.
[[0;32m  OK  [0m] Listening on LVM2 poll daemon socket.
[[0;32m  OK  [0m] Listening on udev Control Socket.
[[0;32m  OK  [0m] Listening on Journal Audit Socket.
[[0;32m  OK  [0m] Listening on Syslog Socket.
[[0;32m  OK  [0m] Listening on /dev/initctl Compatibility Named Pipe.
[[0;32m  OK  [0m] Listening on Network Service Netlink Socket.
[[0;32m  OK  [0m] Listening on Journal Socket.
[[0;32m  OK  [0m] Listening on fsck to fsckd communication Socket.
         Starting File System Check on Root Device...
         Starting Load Kernel Modules...
         Starting Create list of required st…ce nodes for the current kernel...
[[0;32m  OK  [0m] Listening on Journal Socket (/dev/log).
         Starting Uncomplicated firewall...
[[0;32m  OK  [0m] Created slice system-serial\x2dgetty.slice.
         Starting Set the console keyboard layout...
[[0;32m  OK  [0m] Listening on udev Kernel Socket.[   13.761018] Loading iSCSI transport class v2.0-870.

         Starting udev Coldplug all Devices...
[[0;32m  OK  [0m] Listening on Device-mapper event daemon FIFOs.
         Starting Journal Service...
         Mounting Kernel Debug File System...
[[0;32m  OK  [0m] Reached target Slices.
[[0;32m  OK  [0m] Reached target Mounting snaps.
[[0;32m  OK  [0m] Reached target Mounted snaps.
         Mounting POSIX Message Queue File System...
[[0;32m  OK  [0m] Listening on LVM2 metadata daemon socket.
         Starting Monitoring of LVM2 mirrors…ng dmeventd or progress polling...
         Mounting Huge Pages File System...
[[0;32m  OK  [0m] Started Create list of required sta…vice nodes for the current kernel.
[[0;32m  OK  [0m] Started Uncomplicated firewall.
[[0;32m  OK  [0m] Started File System Check Daemon to report status.
         Starting Create Static Device Nodes in /dev...
[[0;32m  OK  [0m] Started File System Check on Root Device.
         Starting Remount Root and Kernel File Systems...
[[0;32m  OK  [0m] Started udev Coldplug all Devices.
[[0;32m  OK  [0m] Started LVM2 metadata daemon.
[   13.919694] iscsi: registered transport (tcp)
[[0;32m  OK  [0m] Mounted Kernel Debug File System.
[[0;32m  OK  [0m] Mounted POSIX Message Queue File System.
[[0;32m  OK  [0m] Mounted Huge Pages File System.
[[0;32m  OK  [0m] Started Create Static Device Nodes in /dev.
[[0;32m  OK  [0m] Started Journal Service.
[   14.045470] EXT4-fs (sda1): re-mounted. Opts: (null)
[[0;32m  OK  [0m] Started Remount Root and Kernel File Systems.
         Starting Load/Save Random Seed...
         Starting Flush Journal to Persistent Storage...
         Starting udev Kernel Device Manager...
[[0;32m  OK  [0m] Started Load/Save Random Seed.
[   14.127994] systemd-journald[419]: Received request to flush runtime journal from PID 1
[   14.158409] iscsi: registered transport (iser)
[[0;32m  OK  [0m] Started Load Kernel Modules.
         Starting Apply Kernel Variables...
         Mounting Kernel Configuration File System...
         Mounting FUSE Control File System...
[[0;32m  OK  [0m] Mounted Kernel Configuration File System.
[[0;32m  OK  [0m] Mounted FUSE Control File System.
[[0;32m  OK  [0m] Started Set the console keyboard layout.
[[0;32m  OK  [0m] Started Apply Kernel Variables.
[[0;32m  OK  [0m] Started udev Kernel Device Manager.
[[0;32m  OK  [0m] Started Dispatch Password Requests to Console Directory Watch.
[[0;32m  OK  [0m] Reached target Local Encrypted Volumes.
[[0;32m  OK  [0m] Started Monitoring of LVM2 mirrors,…sing dmeventd or progress polling.
[[0;32m  OK  [0m] Reached target Local File Systems (Pre).
[[0;32m  OK  [0m] Reached target Local File Systems.
         Starting ebtables ruleset management...
         Starting Set console font and keymap...
         Starting Tell Plymouth To Write Out Runtime Data...
         Starting AppArmor initialization...
[[0;32m  OK  [0m] Started Set console font and keymap.
[[0;32m  OK  [0m] Started Tell Plymouth To Write Out Runtime Data.
[[0;32m  OK  [0m] Found device /dev/ttyS0.
[[0;32m  OK  [0m] Started Flush Journal to Persistent Storage.
[[0;32m  OK  [0m] Started ebtables ruleset management.
         Starting Create Volatile Files and Directories...
[[0;32m  OK  [0m] Started Create Volatile Files and Directories.
         Starting Update UTMP about System Boot/Shutdown...
[[0;32m  OK  [0m] Started Update UTMP about System Boot/Shutdown.
[[0;32m  OK  [0m] Listening on Load/Save RF Kill Switch Status /dev/rfkill Watch.
[[0;32m  OK  [0m] Started AppArmor initialization.
         Starting Initial cloud-init job (pre-networking)...
         Starting Load AppArmor profiles managed internally by snapd...
         Mounting Arbitrary Executable File Formats File System...
[[0;32m  OK  [0m] Mounted Arbitrary Executable File Formats File System.
[[0;32m  OK  [0m] Started Load AppArmor profiles managed internally by snapd.
[   17.489446] cloud-init[574]: Cloud-init v. 22.4.2-0ubuntu0~18.04.1 running 'init-local' at Thu, 02 Mar 2023 22:01:43 +0000. Up 17.23 seconds.
[[0;32m  OK  [0m] Started Initial cloud-init job (pre-networking).
[[0;32m  OK  [0m] Reached target Network (Pre).
         Starting Network Service...
[[0;32m  OK  [0m] Started Network Service.
         Starting Wait for Network to be Configured...
         Starting Network Name Resolution...
[[0;32m  OK  [0m] Started Network Name Resolution.
[[0;32m  OK  [0m] Reached target Network.
[[0;32m  OK  [0m] Reached target Host and Network Name Lookups.
[[0;32m  OK  [0m] Started Wait for Network to be Configured.
         Starting Initial cloud-init job (metadata service crawler)...
[   20.199789] cloud-init[687]: Cloud-init v. 22.4.2-0ubuntu0~18.04.1 running 'init' at Thu, 02 Mar 2023 22:01:46 +0000. Up 20.03 seconds.
[   20.203984] cloud-init[687]: ci-info: ++++++++++++++++++++++++++++++++++++++Net device info+++++++++++++++++++++++++++++++++++++++
[   20.208419] cloud-init[687]: ci-info: +--------+------+-----------------------------+---------------+--------+-------------------+
[   20.212579] cloud-init[687]: ci-info: | Device |  Up  |           Address           |      Mask     | Scope  |     Hw-Address    |
[   20.216461] cloud-init[687]: ci-info: +--------+------+-----------------------------+---------------+--------+-------------------+
[   20.221100] cloud-init[687]: ci-info: | enp0s3 | True |          10.0.2.15          | 255.255.255.0 | global | 02:ea:ac:f2:75:47 |
[   20.225279] cloud-init[687]: ci-info: | enp0s3 | True |  fe80::ea:acff:fef2:7547/64 |       .       |  link  | 02:ea:ac:f2:75:47 |
[   20.230000] cloud-init[687]: ci-info: | enp0s8 | True |        192.168.33.10        | 255.255.255.0 | global | 08:00:27:96:46:e7 |
[   20.234013] cloud-init[687]: ci-info: | enp0s8 | True | fe80::a00:27ff:fe96:46e7/64 |       .       |  link  | 08:00:27:96:46:e7 |
[   20.238340] cloud-init[687]: ci-info: |   lo   | True |          127.0.0.1          |   255.0.0.0   |  host  |         .         |
[   20.242964] cloud-init[687]: ci-info: |   lo   | True |           ::1/128           |       .       |  host  |         .         |
[   20.247270] cloud-init[687]: ci-info: +--------+------+-----------------------------+---------------+--------+-------------------+
[   20.251369] cloud-init[687]: ci-info: +++++++++++++++++++++++++++++Route IPv4 info+++++++++++++++++++++++++++++
[   20.254968] cloud-init[687]: ci-info: +-------+--------------+----------+-----------------+-----------+-------+
[   20.268850] cloud-init[687]: ci-info: | Route | Destination  | Gateway  |     Genmask     | Interface | Flags |
[   20.272437] cloud-init[687]: ci-info: +-------+--------------+----------+-----------------+-----------+-------+
[   20.284837] cloud-init[687]: ci-info: |   0   |   0.0.0.0    | 10.0.2.2 |     0.0.0.0     |   enp0s3  |   UG  |
[   20.288540] cloud-init[687]: ci-info: |   1   |   10.0.2.0   | 0.0.0.0  |  255.255.255.0  |   enp0s3  |   U   |
[   20.292532] cloud-init[687]: ci-info: |   2   |   10.0.2.2   | 0.0.0.0  | 255.255.255.255 |   enp0s3  |   UH  |
[   20.296305] cloud-init[687]: ci-info: |   3   | 192.168.33.0 | 0.0.0.0  |  255.255.255.0  |   enp0s8  |   U   |
[   20.308599] cloud-init[687]: ci-info: +-------+--------------+----------+-----------------+-----------+-------+
[   20.312239] cloud-init[687]: ci-info: +++++++++++++++++++Route IPv6 info+++++++++++++++++++
[   20.315167] cloud-init[687]: ci-info: +-------+-------------+---------+-----------+-------+
[   20.318148] cloud-init[687]: ci-info: | Route | Destination | Gateway | Interface | Flags |
[   20.320921] cloud-init[687]: ci-info: +-------+-------------+---------+-----------+-------+
[   20.323738] cloud-init[687]: ci-info: |   1   |  fe80::/64  |    ::   |   enp0s8  |   U   |
[   20.327392] cloud-init[687]: ci-info: |   2   |  fe80::/64  |    ::   |   enp0s3  |   U   |
[   20.330512] cloud-init[687]: ci-info: |   4   |    local    |    ::   |   enp0s3  |   U   |
[   20.344732] cloud-init[687]: ci-info: |   5   |    local    |    ::   |   enp0s8  |   U   |
[   20.347576] cloud-init[687]: ci-info: |   6   |   ff00::/8  |    ::   |   enp0s8  |   U   |
[   20.350425] cloud-init[687]: ci-info: |   7   |   ff00::/8  |    ::   |   enp0s3  |   U   |
[   20.353808] cloud-init[687]: ci-info: +-------+-------------+---------+-----------+-------+
[[0;32m  OK  [0m] Started Initial cloud-init job (metadata service crawler).
[[0;32m  OK  [0m] Reached target Cloud-config availability.
[[0;32m  OK  [0m] Reached target System Initialization.
[[0;32m  OK  [0m] Listening on D-Bus System Message Bus Socket.
[[0;32m  OK  [0m] Listening on UUID daemon activation socket.
[[0;32m  OK  [0m] Listening on Open-iSCSI iscsid Socket.
[[0;32m  OK  [0m] Started Message of the Day.
[[0;32m  OK  [0m] Listening on ACPID Listen Socket.
[[0;32m  OK  [0m] Started Ubuntu Advantage Timer for running repeated jobs.
[[0;32m  OK  [0m] Started Daily Cleanup of Temporary Directories.
[[0;32m  OK  [0m] Listening on cloud-init hotplug hook socket.
         Starting Socket activation for snappy daemon.
         Starting LXD - unix socket.
[[0;32m  OK  [0m] Started Discard unused blocks once a week.
[[0;32m  OK  [0m] Started ACPI Events Check.
[[0;32m  OK  [0m] Reached target Paths.
[[0;32m  OK  [0m] Started Daily apt download activities.
[[0;32m  OK  [0m] Started Daily apt upgrade and clean activities.
[[0;32m  OK  [0m] Reached target Timers.
         Starting Docker Socket for the API.
[[0;32m  OK  [0m] Reached target Network is Online.
[[0;32m  OK  [0m] Reached target Remote File Systems (Pre).
         Mounting /vagrant...
         Mounting /configs...
         Starting Availability of block devices...
[[0;32m  OK  [0m] Listening on Socket activation for snappy daemon.
[[0;32m  OK  [0m] Listening on LXD - unix socket.
[[0;32m  OK  [0m] Listening on Docker Socket for the API.
[[0;32m  OK  [0m] Reached target Sockets.
[[0;32m  OK  [0m] Reached target Basic System.
         Starting System Logging Service...
[[0;32m  OK  [0m] Started irqbalance daemon.
         Starting Jenkins Continuous Integration Server...
         Starting containerd container runtime...
[[0;32m  OK  [0m] Started FUSE filesystem for LXC.
         Starting LSB: Record successful boot for GRUB...
         Starting LXD - container startup/shutdown...
[[0;32m  OK  [0m] Started Regular background program processing daemon.
         Starting Virtualbox guest utils...
         Starting Login Service...
         Starting OpenBSD Secure Shell server...
[[0;32m  OK  [0m] Started D-Bus System Message Bus.
[[0;32m  OK  [0m] Started Login Service.
[[0;32m  OK  [0m] Started Unattended Upgrades Shutdown.
         Starting MySQL Community Server...
         Starting Accounts Service...
         Starting Dispatcher daemon for systemd-networkd...
         Starting Snap Daemon...
[[0;32m  OK  [0m] Started Deferred execution scheduler.
[[0;32m  OK  [0m] Reached target Login Prompts (Pre).
[[0;32m  OK  [0m] Started System Logging Service.
[[0;32m  OK  [0m] Mounted /vagrant.
[[0;32m  OK  [0m] Mounted /configs.
[[0;32m  OK  [0m] Started Availability of block devices.
[[0;32m  OK  [0m] Started OpenBSD Secure Shell server.
[[0;32m  OK  [0m] Reached target Remote File Systems.
         Starting Permit User Sessions...
         Starting LSB: Linux init script for swapspace...
         Starting LSB: automatic crash report generation...
[[0;32m  OK  [0m] Started Permit User Sessions.
         Starting Terminate Plymouth Boot Screen...
         Starting Hold until boot process finishes up...
[[0;32m  OK  [0m] Started Hold until boot process finishes up.
[[0;32m  OK  [0m] Started Serial Getty on ttyS0.
         Starting Set console scheme...
[[0;32m  OK  [0m] Started Terminate Plymouth Boot Screen.
[[0;32m  OK  [0m] Started LSB: Linux init script for swapspace.
[[0;32m  OK  [0m] Started Set console scheme.
[[0;32m  OK  [0m] Started LSB: Record successful boot for GRUB.
[[0;32m  OK  [0m] Created slice system-getty.slice.
[[0;32m  OK  [0m] Started Getty on tty1.
[[0;32m  OK  [0m] Reached target Login Prompts.
         Starting Authorization Manager...
[[0;32m  OK  [0m] Started LSB: automatic crash report generation.
[[0;32m  OK  [0m] Started Virtualbox guest utils.
[[0;32m  OK  [0m] Started Authorization Manager.
[[0;32m  OK  [0m] Started Accounts Service.
[[0;32m  OK  [0m] Started LXD - container startup/shutdown.
[[0;32m  OK  [0m] Started Dispatcher daemon for systemd-networkd.
[[0;32m  OK  [0m] Started Snap Daemon.
         Starting Wait until snapd is fully seeded...
[[0;32m  OK  [0m] Started containerd container runtime.
         Starting Docker Application Container Engine...
         Starting Time & Date Service...
[[0;32m  OK  [0m] Started Time & Date Service.
[[0;32m  OK  [0m] Started Wait until snapd is fully seeded.
         Starting Apply the settings specified in cloud-config...
[   26.346778] cloud-init[1254]: Cloud-init v. 22.4.2-0ubuntu0~18.04.1 running 'modules:config' at Thu, 02 Mar 2023 22:01:52 +0000. Up 25.86 seconds.
[[0;32m  OK  [0m] Started Apply the settings specified in cloud-config.

Ubuntu 18.04.6 LTS ubuntu-bionic ttyS0

ubuntu-bionic login: [   46.070047] cloud-init[2216]: Cloud-init v. 22.4.2-0ubuntu0~18.04.1 running 'modules:final' at Thu, 02 Mar 2023 22:02:12 +0000. Up 45.93 seconds.
[   46.078552] cloud-init[2216]: Cloud-init v. 22.4.2-0ubuntu0~18.04.1 finished at Thu, 02 Mar 2023 22:02:12 +0000. Datasource DataSourceNoCloud [seed=/dev/sdb][dsmode=net].  Up 46.06 seconds
[ 9842.922905] INFO: rcu_sched self-detected stall on CPU
[ 9842.924393] INFO: rcu_sched self-detected stall on CPU
[ 9842.928877] 	1-...!: (1 ticks this GP) idle=6b6/140000000000001/0 softirq=341050/341050 fqs=0 
[ 9842.941940] 	 (t=75908 jiffies g=119310 c=119309 q=41)
[ 9842.941976] 	0-...!: (1 GPs behind) idle=fc6/140000000000001/0 softirq=337086/337088 fqs=0 
[ 9842.947172] rcu_sched kthread starved for 75908 jiffies! g119310 c119309 f0x0 RCU_GP_WAIT_FQS(3) ->state=0x402 ->cpu=1
[ 9842.955022] 	 (t=75908 jiffies g=119310 c=119309 q=41)
[ 9842.970660] rcu_sched kthread starved for 75908 jiffies! g119310 c119309 f0x0 RCU_GP_WAIT_FQS(3) ->state=0x402 ->cpu=1
[10757.910122] INFO: rcu_sched self-detected stall on CPU
[10757.911159] INFO: rcu_sched self-detected stall on CPU
[10757.915367] 	1-...!: (1 ticks this GP) idle=6b6/140000000000001/0 softirq=341055/341055 fqs=0 
[10757.929343] 	 (t=228838 jiffies g=119313 c=119312 q=86)
[10757.929346] 	0-...!: (1 ticks this GP) idle=fc6/140000000000001/0 softirq=337100/337100 fqs=0 
[10757.934873] rcu_sched kthread starved for 228838 jiffies! g119313 c119312 f0x0 RCU_GP_WAIT_FQS(3) ->state=0x402 ->cpu=1
[10757.943576] 	 (t=228838 jiffies g=119313 c=119312 q=86)
[10757.961104] rcu_sched kthread starved for 228838 jiffies! g119313 c119312 f0x0 RCU_GP_WAIT_FQS(3) ->state=0x402 ->cpu=1
[10757.986201] INFO: task jbd2/sda1-8:345 blocked for more than 120 seconds.
[10757.993916]       Not tainted 4.15.0-204-generic #215-Ubuntu
[10758.000624] "echo 0 > /proc/sys/kernel/hung_task_timeout_secs" disables this message.
[10758.008987] INFO: task journal-offline:18455 blocked for more than 120 seconds.
[10758.017136]       Not tainted 4.15.0-204-generic #215-Ubuntu
[10758.023027] "echo 0 > /proc/sys/kernel/hung_task_timeout_secs" disables this message.
[10758.031057] INFO: task journal-offline:18461 blocked for more than 120 seconds.
[10758.039786]       Not tainted 4.15.0-204-generic #215-Ubuntu
[10758.046000] "echo 0 > /proc/sys/kernel/hung_task_timeout_secs" disables this message.
[10758.056532] INFO: task SCM polling for:11140 blocked for more than 120 seconds.
[10758.064011]       Not tainted 4.15.0-204-generic #215-Ubuntu
[10758.064011] "echo 0 > /proc/sys/kernel/hung_task_timeout_secs" disables this message.
[11062.012618] INFO: rcu_sched detected stalls on CPUs/tasks:
[11062.018309] 	1-...!: (0 ticks this GP) idle=ff6/140000000000000/0 softirq=341162/341162 fqs=0 
[11062.026737] 	(detected by 0, t=75924 jiffies, g=119355, c=119354, q=20)
[11071.959739] rcu_sched kthread starved for 75924 jiffies! g119355 c119354 f0x2 RCU_GP_WAIT_FQS(3) ->state=0x402 ->cpu=0
[11366.041414] watchdog: BUG: soft lockup - CPU#1 stuck for 274s! [containerd-shim:16002]
[11366.041849] INFO: rcu_sched detected stalls on CPUs/tasks:
[11366.054492] 	1-...!: (1 GPs behind) idle=ff6/140000000000001/0 softirq=341162/341163 fqs=0 
[11366.062569] 	
[11366.065927] rcu_sched kthread starved for 73554 jiffies! g119356 c119355 f0x0 RCU_GP_WAIT_FQS(3) ->state=0x402 ->cpu=0
[11670.045894] INFO: rcu_sched detected stalls on CPUs/tasks:
[11670.046125] watchdog: BUG: soft lockup - CPU#1 stuck for 274s! [java:17439]
[11670.051104] 	1-...!: (1 ticks this GP) idle=25a/140000000000002/0 softirq=341260/341262 fqs=0 
[11670.065404] 	(detected by 0, t=73518 jiffies, g=119382, c=119381, q=3104)
[11670.072865] rcu_sched kthread starved for 73518 jiffies! g119382 c119381 f0x0 RCU_GP_WAIT_FQS(3) ->state=0x402 ->cpu=0
[15136.499379] INFO: rcu_sched self-detected stall on CPU
[15136.499707] INFO: rcu_sched self-detected stall on CPU
[15136.504692] 	1-...!: (1 ticks this GP) idle=b32/140000000000001/0 softirq=363906/363906 fqs=0 
[15136.517506] 	 (t=445670 jiffies g=130980 c=130979 q=6)
[15136.517472] 	0-...!: (1 ticks this GP) idle=d56/1/0 softirq=356406/356406 fqs=0 
[15136.522657] rcu_sched kthread starved for 445670 jiffies! g130980 c130979 f0x0 RCU_GP_WAIT_FQS(3) ->state=0x402 ->cpu=1
[15136.529461] 	 (t=445670 jiffies g=130980 c=130979 q=6)
[15136.544118] rcu_sched kthread starved for 445670 jiffies! g130980 c130979 f0x0 RCU_GP_WAIT_FQS(3) ->state=0x402 ->cpu=1
[15970.540098] INFO: rcu_sched detected stalls on CPUs/tasks:
[15970.541466] watchdog: BUG: soft lockup - CPU#0 stuck for 776s! [swapper/0:0]
[15970.546247] 	0-...!: (1 ticks this GP) idle=d5e/1/0 softirq=356412/356412 fqs=0 
[15970.585092] 	(detected by 1, t=208490 jiffies, g=130983, c=130982, q=108)
[15970.586529] INFO: task jbd2/sda1-8:345 blocked for more than 120 seconds.
[15970.594316] rcu_sched kthread starved for 208490 jiffies! g130983 c130982 f0x2 RCU_GP_WAIT_FQS(3) ->state=0x200 ->cpu=1
[15970.619776]       Tainted: G             L   4.15.0-204-generic #215-Ubuntu
[15970.628091] "echo 0 > /proc/sys/kernel/hung_task_timeout_secs" disables this message.
[15970.637747] INFO: task gmain:960 blocked for more than 120 seconds.
[15970.644063]       Tainted: G             L   4.15.0-204-generic #215-Ubuntu
[15970.652594] "echo 0 > /proc/sys/kernel/hung_task_timeout_secs" disables this message.
[15970.663478] INFO: task java:17493 blocked for more than 120 seconds.
[15970.670102]       Tainted: G             L   4.15.0-204-generic #215-Ubuntu
[15970.676909] "echo 0 > /proc/sys/kernel/hung_task_timeout_secs" disables this message.
[15970.684593] INFO: task kworker/u4:0:18845 blocked for more than 120 seconds.
[15970.693943]       Tainted: G             L   4.15.0-204-generic #215-Ubuntu
[15970.700909] "echo 0 > /proc/sys/kernel/hung_task_timeout_secs" disables this message.
[15970.708684] INFO: task cloud-id:19281 blocked for more than 120 seconds.
[15970.715312]       Tainted: G             L   4.15.0-204-generic #215-Ubuntu
[15970.721916] "echo 0 > /proc/sys/kernel/hung_task_timeout_secs" disables this message.
[17024.832263] INFO: rcu_sched self-detected stall on CPU
[17024.832722] INFO: rcu_sched detected stalls on CPUs/tasks:
[17024.843242] 	1-...!: (1 GPs behind) idle=b32/140000000000001/0 softirq=363915/363916 fqs=0 
[17024.857699] 	 (t=263522 jiffies g=130987 c=130986 q=2)
[17024.857751] 	1-...!: (1 GPs behind) idle=b32/140000000000001/0 softirq=363915/363916 fqs=0 
[17024.865307] rcu_sched kthread starved for 263522 jiffies! g130987 c130986 f0x0 RCU_GP_WAIT_FQS(3) ->state=0x402 ->cpu=0
[17024.873845] 	(detected by 0, t=263522 jiffies, g=130987, c=130986, q=2)
[17024.896413] rcu_sched kthread starved for 263522 jiffies! g130987 c130986 f0x0 RCU_GP_WAIT_FQS(3) ->state=0x200 ->cpu=0
[17024.911575] INFO: task journal-offline:19310 blocked for more than 120 seconds.
[17024.924678]       Tainted: G             L   4.15.0-204-generic #215-Ubuntu
[17024.931797] "echo 0 > /proc/sys/kernel/hung_task_timeout_secs" disables this message.
[17119.924721] INFO: rcu_sched self-detected stall on CPU
[17119.927251] INFO: rcu_sched detected stalls on CPUs/tasks:
[17119.930087] 	1-...!: (2 ticks this GP) idle=b9a/1/0 softirq=363919/363919 fqs=2 
[17119.942541] 	 (t=23748 jiffies g=130988 c=130987 q=15)
[17119.942587] 	1-...!: (2 ticks this GP) idle=b9a/1/0 softirq=363919/363919 fqs=2 
[17119.947631] rcu_sched kthread starved for 23732 jiffies! g130988 c130987 f0x0 RCU_GP_WAIT_FQS(3) ->state=0x402 ->cpu=0
[17119.954729] 	(detected by 0, t=23748 jiffies, g=130988, c=130987, q=15)
[17119.972269] rcu_sched kthread starved for 23732 jiffies! g130988 c130987 f0x0 RCU_GP_WAIT_FQS(3) ->state=0x200 ->cpu=0
